<?xml version="1.0" encoding="UTF-8"?>
<!-- Generated by org.testng.reporters.JUnitReportReporter -->
<testsuite hostname="LAPTOP-DBNJDIUQ" failures="0" tests="14" name="phoenixtesting.Profile_PhoenixGiftCard_Test" time="71.268" errors="1" timestamp="2022-06-27T18:51:12 IST" skipped="0">
  <testcase classname="phoenixtesting.Profile_PhoenixGiftCard_Test" name="phoenixGiftCard" time="4.312"/>
  <system-out/>
  <testcase classname="phoenixtesting.Profile_PhoenixGiftCard_Test" name="Scroll" time="0.007"/>
  <system-out/>
  <testcase classname="phoenixtesting.Profile_PhoenixGiftCard_Test" name="ExitGiftCard" time="0.168"/>
  <system-out/>
  <testcase classname="phoenixtesting.Profile_PhoenixGiftCard_Test" name="clickonScrathcards" time="2.696"/>
  <system-out/>
  <testcase classname="phoenixtesting.Profile_PhoenixGiftCard_Test" name="ClickonWheelofFortune" time="10.658"/>
  <system-out/>
  <testcase classname="phoenixtesting.Profile_PhoenixGiftCard_Test" name="ClickonYourOffers" time="9.771"/>
  <system-out/>
  <testcase classname="phoenixtesting.Profile_PhoenixGiftCard_Test" name="ClickonParkingBooking" time="2.170"/>
  <system-out/>
  <testcase classname="phoenixtesting.Profile_PhoenixGiftCard_Test" name="scrolldown" time="2.329"/>
  <system-out/>
  <testcase classname="phoenixtesting.Profile_PhoenixGiftCard_Test" name="ClickonPaymentHistory" time="1.392"/>
  <system-out/>
  <testcase classname="phoenixtesting.Profile_PhoenixGiftCard_Test" name="ClickonScanHistory" time="6.005"/>
  <system-out/>
  <testcase classname="phoenixtesting.Profile_PhoenixGiftCard_Test" name="ClickonFavStores" time="3.139"/>
  <system-out/>
  <testcase classname="phoenixtesting.Profile_PhoenixGiftCard_Test" name="ClickonYourActivities" time="2.433"/>
  <system-out/>
  <testcase classname="phoenixtesting.Profile_PhoenixGiftCard_Test" name="ClickonHelp" time="5.260"/>
  <system-out/>
  <testcase classname="phoenixtesting.Profile_PhoenixGiftCard_Test" name="ClickonLogout" time="20.928">
    <error message="Expected condition failed: waiting for visibility of Located by By.chained({By.xpath: //*[@text=&#039;Logout&#039;]}) (tried for 20 second(s) with 500 milliseconds interval)" type="org.openqa.selenium.TimeoutException">
      <![CDATA[org.openqa.selenium.TimeoutException: Expected condition failed: waiting for visibility of Located by By.chained({By.xpath: //*[@text='Logout']}) (tried for 20 second(s) with 500 milliseconds interval)
at org.openqa.selenium.support.ui.WebDriverWait.timeoutException(WebDriverWait.java:95)
at org.openqa.selenium.support.ui.FluentWait.until(FluentWait.java:272)
at basepage.BasePage.waitForVisibility(BasePage.java:33)
at basepage.BasePage.click(BasePage.java:38)
at phoenixpages.Profile_PhoenixGiftCard3.ClickonLogout(Profile_PhoenixGiftCard3.java:297)
at phoenixtesting.Profile_PhoenixGiftCard_Test.ClickonLogout(Profile_PhoenixGiftCard_Test.java:107)
at java.base/jdk.internal.reflect.NativeMethodAccessorImpl.invoke0(Native Method)
at java.base/jdk.internal.reflect.NativeMethodAccessorImpl.invoke(NativeMethodAccessorImpl.java:64)
at java.base/jdk.internal.reflect.DelegatingMethodAccessorImpl.invoke(DelegatingMethodAccessorImpl.java:43)
at java.base/java.lang.reflect.Method.invoke(Method.java:564)
at org.testng.internal.MethodInvocationHelper.invokeMethod(MethodInvocationHelper.java:133)
at org.testng.internal.TestInvoker.invokeMethod(TestInvoker.java:598)
at org.testng.internal.TestInvoker.invokeTestMethod(TestInvoker.java:173)
at org.testng.internal.MethodRunner.runInSequence(MethodRunner.java:46)
at org.testng.internal.TestInvoker$MethodInvocationAgent.invoke(TestInvoker.java:824)
at org.testng.internal.TestInvoker.invokeTestMethods(TestInvoker.java:146)
at org.testng.internal.TestMethodWorker.invokeTestMethods(TestMethodWorker.java:146)
at org.testng.internal.TestMethodWorker.run(TestMethodWorker.java:128)
at java.base/java.util.ArrayList.forEach(ArrayList.java:1511)
at org.testng.TestRunner.privateRun(TestRunner.java:794)
at org.testng.TestRunner.run(TestRunner.java:596)
at org.testng.SuiteRunner.runTest(SuiteRunner.java:377)
at org.testng.SuiteRunner.runSequentially(SuiteRunner.java:371)
at org.testng.SuiteRunner.privateRun(SuiteRunner.java:332)
at org.testng.SuiteRunner.run(SuiteRunner.java:276)
at org.testng.SuiteRunnerWorker.runSuite(SuiteRunnerWorker.java:53)
at org.testng.SuiteRunnerWorker.run(SuiteRunnerWorker.java:96)
at org.testng.TestNG.runSuitesSequentially(TestNG.java:1212)
at org.testng.TestNG.runSuitesLocally(TestNG.java:1134)
at org.testng.TestNG.runSuites(TestNG.java:1063)
at org.testng.TestNG.run(TestNG.java:1031)
at org.testng.remote.AbstractRemoteTestNG.run(AbstractRemoteTestNG.java:115)
at org.testng.remote.RemoteTestNG.initAndRun(RemoteTestNG.java:251)
at org.testng.remote.RemoteTestNG.main(RemoteTestNG.java:77)
Caused by: org.openqa.selenium.NoSuchElementException: Can't locate an element by this strategy: By.chained({By.xpath: //*[@text='Logout']})
at io.appium.java_client.pagefactory.AppiumElementLocator.findElement(AppiumElementLocator.java:126)
at io.appium.java_client.pagefactory.interceptors.InterceptorOfASingleElement.intercept(InterceptorOfASingleElement.java:59)
at io.appium.java_client.android.AndroidElement$$EnhancerByCGLIB$$b598166c.isDisplayed(<generated>)
at org.openqa.selenium.support.ui.ExpectedConditions.elementIfVisible(ExpectedConditions.java:314)
at org.openqa.selenium.support.ui.ExpectedConditions.access$000(ExpectedConditions.java:43)
at org.openqa.selenium.support.ui.ExpectedConditions$10.apply(ExpectedConditions.java:300)
at org.openqa.selenium.support.ui.ExpectedConditions$10.apply(ExpectedConditions.java:297)
at org.openqa.selenium.support.ui.FluentWait.until(FluentWait.java:249)
... 32 more
Caused by: org.openqa.selenium.TimeoutException: Expected condition failed: waiting for io.appium.java_client.pagefactory.AppiumElementLocator$WaitingFunction@37b56ac7 (tried for 1 second(s) with 500 milliseconds interval)
at org.openqa.selenium.support.ui.FluentWait.timeoutException(FluentWait.java:304)
at org.openqa.selenium.support.ui.FluentWait.until(FluentWait.java:272)
at io.appium.java_client.pagefactory.AppiumElementLocator.waitFor(AppiumElementLocator.java:99)
at io.appium.java_client.pagefactory.AppiumElementLocator.findElement(AppiumElementLocator.java:119)
... 39 more
Caused by: org.openqa.selenium.NoSuchElementException: Cannot locate an element using By.chained({By.xpath: //*[@text='Logout']})
For documentation on this error, please visit: https://www.seleniumhq.org/exceptions/no_such_element.html
Build info: version: '3.141.59', revision: 'e82be7d358', time: '2018-11-14T08:17:03'
System info: host: 'LAPTOP-DBNJDIUQ', ip: '192.168.1.26', os.name: 'Windows 10', os.arch: 'amd64', os.version: '10.0', java.version: '15.0.2'
Driver info: driver.version: AndroidDriver
at io.appium.java_client.pagefactory.bys.builder.ByChained.findElement(ByChained.java:74)
at org.openqa.selenium.remote.RemoteWebDriver.findElement(RemoteWebDriver.java:315)
at io.appium.java_client.DefaultGenericMobileDriver.findElement(DefaultGenericMobileDriver.java:57)
at io.appium.java_client.AppiumDriver.findElement(AppiumDriver.java:1)
at io.appium.java_client.android.AndroidDriver.findElement(AndroidDriver.java:1)
at io.appium.java_client.pagefactory.bys.ContentMappedBy.findElement(ContentMappedBy.java:50)
at org.openqa.selenium.remote.RemoteWebDriver.findElement(RemoteWebDriver.java:315)
at io.appium.java_client.DefaultGenericMobileDriver.findElement(DefaultGenericMobileDriver.java:57)
at io.appium.java_client.AppiumDriver.findElement(AppiumDriver.java:1)
at io.appium.java_client.android.AndroidDriver.findElement(AndroidDriver.java:1)
at io.appium.java_client.pagefactory.AppiumElementLocator.lambda$0(AppiumElementLocator.java:120)
at io.appium.java_client.pagefactory.AppiumElementLocator$WaitingFunction.apply(AppiumElementLocator.java:172)
at io.appium.java_client.pagefactory.AppiumElementLocator$WaitingFunction.apply(AppiumElementLocator.java:1)
at org.openqa.selenium.support.ui.FluentWait.until(FluentWait.java:249)
... 41 more
]]>
    </error>
  </testcase> <!-- ClickonLogout -->
  <system-out/>
</testsuite> <!-- phoenixtesting.Profile_PhoenixGiftCard_Test -->
